Running: C:\Xilinx\14.5\ISE_DS\ISE\bin\nt64\unwrapped\fuse.exe -intstyle ise -incremental -lib secureip -o D:/Long way AA/Materials/Architecture/Labs/PracticalExamSample/Solution/MainModule_isim_beh.exe -prj D:/Long way AA/Materials/Architecture/Labs/PracticalExamSample/Solution/MainModule_beh.prj work.MainModule 
ISim P.58f (signature 0x7708f090)
Number of CPUs detected in this system: 4
Turning on mult-threading, number of parallel sub-compilation jobs: 8 
Determining compilation order of HDL files
Parsing VHDL file "D:/Long way AA/Materials/Architecture/Labs/PracticalExamSample/Solution/MyPackage.vhd" into library work
Parsing VHDL file "D:/Long way AA/Materials/Architecture/Labs/PracticalExamSample/Solution/MUX.vhd" into library work
Parsing VHDL file "D:/Long way AA/Materials/Architecture/Labs/PracticalExamSample/Solution/AdderSubtractor4.vhd" into library work
Parsing VHDL file "D:/Long way AA/Materials/Architecture/Labs/PracticalExamSample/Solution/MainModule.vhd" into library work
Starting static elaboration
Completed static elaboration
Compiling package standard
Compiling package std_logic_1164
Compiling package mypackage
Compiling package std_logic_arith
Compiling package std_logic_signed
Compiling package std_logic_unsigned
Compiling architecture behavioral of entity AdderSubtractor4 [addersubtractor4_default]
Compiling architecture behavioral of entity MUX4 [\MUX4(4)\]
Compiling architecture behavioral of entity mainmodule
Time Resolution for simulation is 1ps.
Waiting for 1 sub-compilation(s) to finish...
WARNING:Simulator - Unable to copy libPortabilityNOSH.dll to the simulation executable directory: boost::filesystem::copy_file: The system cannot find the path specified, "isim\MainModule_isim_beh.exe.sim\libPortability.dll".
Compiled 11 VHDL Units
Built simulation executable D:/Long way AA/Materials/Architecture/Labs/PracticalExamSample/Solution/MainModule_isim_beh.exe
Fuse Memory Usage: 33640 KB
Fuse CPU Usage: 515 ms
